  application_path.cpp
  color.cpp
  event.cpp
  font.cpp
  font_factory.cpp
  key_stroke.cpp
  key_stroke_composite.cpp
  point.cpp
  rectangle.cpp
  centurion.cpp
  renderer.cpp
  sound_effect.cpp
  texture.cpp
  screen.cpp
  texture_factory.cpp
  window.cpp
SDL2_image.lib(SDL2_image.dll) : warning LNK4006: __NULL_IMPORT_DESCRIPTOR already defined in SDL2.lib(SDL2.dll); second definition ignored
SDL2_ttf.lib(SDL2_ttf.dll) : warning LNK4006: __NULL_IMPORT_DESCRIPTOR already defined in SDL2.lib(SDL2.dll); second definition ignored
SDL2_mixer.lib(SDL2_mixer.dll) : warning LNK4006: __NULL_IMPORT_DESCRIPTOR already defined in SDL2.lib(SDL2.dll); second definition ignored
  Centurion.vcxproj -> C:\Users\albin\Documents\GitHub\Centurion\Centurion\lib\x86\Release\Centurion.lib
